<?xml version='1.0' encoding='UTF-8'?>
<!DOCTYPE coverage SYSTEM 'http://cobertura.sourceforge.net/xml/coverage-04.dtd'>
<coverage line-rate="0.8" branch-rate="0.75" lines-covered="4" lines-valid="5" branches-covered="3" branches-valid="4" complexity="0.0" timestamp="1755600000" version="gcovr 8.3">
  <sources>
    <source>/home/runner/work/myproj/myproj</source>
  </sources>
  <packages>
    <package name="src" line-rate="0.8" branch-rate="0.75" complexity="0.0">
      <classes>
        <class name="src_calc_c" filename="src/calc.c" line-rate="0.8" branch-rate="0.75" complexity="0.0">
          <methods>
            <method name="main" signature="" line-rate="0.6666" branch-rate="0.5" complexity="0.0">
              <lines>
                <line number="5" hits="3000000000" branch="false"/>
                <line number="7" hits="3000000000" branch="true" condition-coverage="50% (1/2)">
                  <conditions>
                    <condition number="0" type="jump" coverage="50%"/>
                  </conditions>
                </line>
                <line number="8" hits="0" branch="false"/>
              </lines>
            </method>
            <method name="helper" signature="" line-rate="1.0" branch-rate="1.0" complexity="0.0">
              <lines>
                <line number="10" hits="2" branch="false"/>
                <line number="12" hits="2" branch="true" condition-coverage="100% (2/2)">
                  <conditions>
                    <condition number="0" type="jump" coverage="100%"/>
                  </conditions>
                </line>
              </lines>
            </method>
          </methods>
          <lines>
            <line number="5" hits="3000000000" branch="false"/>
            <line number="7" hits="3000000000" branch="true" condition-coverage="50% (1/2)">
              <conditions>
                <condition number="0" type="jump" coverage="50%"/>
              </conditions>
            </line>
            <line number="8" hits="0" branch="false"/>
            <line number="10" hits="2" branch="false"/>
            <line number="12" hits="2" branch="true" condition-coverage="100% (2/2)">
              <conditions>
                <condition number="0" type="jump" coverage="100%"/>
              </conditions>
            </line>
          </lines>
        </class>
      </classes>
    </package>
  </packages>
</coverage>
