<?xml version="1.0" ?>
<coverage version="7.10.4" timestamp="1755600000000" lines-valid="8" lines-covered="6" line-rate="0.75" branches-valid="4" branches-covered="3" branch-rate="0.75" complexity="0">
	<!-- Generated by coverage.py: https://coverage.readthedocs.io/en/7.10.4 -->
	<!-- Based on https://raw.githubusercontent.com/cobertura/web/master/htdocs/xml/coverage-04.dtd -->
	<sources>
		<source>/home/runner/work/myproj/myproj/src</source>
	</sources>
	<packages>
		<package name="mypkg" line-rate="0.75" branch-rate="0.75" complexity="0">
			<classes>
				<class name="module.py" filename="mypkg/module.py" complexity="0" line-rate="0.7143" branch-rate="0.75">
					<methods/>
					<lines>
						<line number="1" hits="1"/>
						<line number="2" hits="1"/>
						<line number="3" hits="1" branch="true" condition-coverage="50% (1/2)" missing-branches="5"/>
						<line number="4" hits="1"/>
						<line number="5" hits="0"/>
						<line number="7" hits="1" branch="true" condition-coverage="100% (2/2)"/>
						<line number="8" hits="0"/>
					</lines>
				</class>
				<class name="__init__.py" filename="mypkg/__init__.py" complexity="0" line-rate="1" branch-rate="1">
					<methods/>
					<lines>
						<line number="1" hits="1"/>
					</lines>
				</class>
			</classes>
		</package>
	</packages>
</coverage>
