<?xml version="1.0" encoding="utf-8"?>
<coverage line-rate="0.75" branch-rate="0.5" version="1.0" timestamp="1700000000">
  <packages>
    <package name="MyApp" line-rate="0.8" branch-rate="0.5" complexity="10">
      <classes>
        <class name="MyApp.Calculator" filename="src/Calculator.cs" line-rate="1.0" branch-rate="1.0" complexity="2">
          <lines>
            <line number="5" hits="3" branch="false" />
            <line number="6" hits="3" branch="false" />
            <line number="10" hits="2" branch="true" condition-coverage="100% (2/2)" />
            <line number="11" hits="2" branch="false" />
          </lines>
        </class>
        <class name="MyApp.Parser" filename="src/Parser.cs" line-rate="0.6" branch-rate="0.25" complexity="8">
          <lines>
            <line number="10" hits="5" branch="false" />
            <line number="15" hits="5" branch="true" condition-coverage="50% (1/2)" />
            <line number="20" hits="0" branch="false" />
            <line number="25" hits="0" branch="true" condition-coverage="0% (0/2)" />
            <line number="30" hits="3" branch="false" />
          </lines>
        </class>
        <class name="MyApp.Unused" filename="src/Unused.cs" line-rate="0.0" branch-rate="0.0" complexity="1">
          <lines>
            <line number="5" hits="0" branch="false" />
            <line number="6" hits="0" branch="false" />
            <line number="7" hits="0" branch="false" />
          </lines>
        </class>
      </classes>
    </package>
  </packages>
</coverage>
