<?xml version="1.0" ?>
<coverage version="7.10.4" timestamp="1755600000000" lines-valid="6" lines-covered="2" line-rate="0.3333" branches-valid="0" branches-covered="0" branch-rate="0" complexity="0">
	<sources>
		<source>/home/runner/work/mono/mono/services/svc-b</source>
	</sources>
	<packages>
		<package name="app" line-rate="0.3333" branch-rate="0" complexity="0">
			<classes>
				<class name="main.py" filename="app/main.py" complexity="0" line-rate="0.3333" branch-rate="0">
					<methods/>
					<lines>
						<line number="1" hits="1"/>
						<line number="2" hits="1"/>
						<line number="3" hits="0"/>
						<line number="4" hits="0"/>
						<line number="5" hits="0"/>
						<line number="6" hits="0"/>
					</lines>
				</class>
			</classes>
		</package>
	</packages>
</coverage>
