<?xml version="1.0"?>
<!DOCTYPE coverage SYSTEM 'http://cobertura.sourceforge.net/xml/coverage-04.dtd'>
<coverage lines-covered="4" lines-valid="5" line-rate="0.8" branches-covered="1" branches-valid="2" branch-rate="0.5" complexity="0" version="1.1" timestamp="1755600000">
  <sources><source>.</source></sources>
  <packages>
    <package name="src/main.rs" line-rate="0.8" branch-rate="0.5" complexity="0">
      <classes>
        <class name="main" filename="src/main.rs" line-rate="0.8" branch-rate="0.5" complexity="0">
          <methods>
            <method name="main" signature="" line-rate="1" branch-rate="1" complexity="0">
              <lines>
                <line number="3" hits="1"/>
              </lines>
            </method>
          </methods>
          <lines>
            <line number="3" hits="1"/>
            <line number="5" hits="7"/>
            <line number="7" hits="7" branch="true" condition-coverage="50% (1/2)">
              <conditions>
                <condition number="0" type="jump" coverage="1"/>
                <condition number="1" type="jump" coverage="0"/>
              </conditions>
            </line>
            <line number="9" hits="2" branch="true" condition-coverage="100% (0/0)">
              <conditions>
              </conditions>
            </line>
            <line number="11" hits="0"/>
          </lines>
        </class>
      </classes>
    </package>
  </packages>
</coverage>
