<?xml version="1.0" ?>
<coverage branch-rate="0.4" branches-covered="2" branches-valid="5" complexity="0" line-rate="0.8" lines-covered="4" lines-valid="5" timestamp="1755600000000" version="2.0.3">
	<sources>
		<source>src/main/java</source>
	</sources>
	<packages>
		<package name="com.example" line-rate="0.8" branch-rate="0.4" complexity="0">
			<classes>
				<class name="com.example.Foo" filename="com/example/Foo.java" line-rate="0.8" branch-rate="0.4" complexity="0">
					<methods>
						<method name="bar" signature="(I)I" line-rate="0.8" branch-rate="0.4" complexity="0">
							<lines>
								<line number="10" hits="1" branch="false"/>
								<line number="12" hits="1" branch="true" condition-coverage="33% (1/3)"/>
								<line number="13" hits="1" branch="false"/>
								<line number="15" hits="1" branch="true" condition-coverage="50% (1/2)"/>
								<line number="17" hits="0" branch="false"/>
							</lines>
						</method>
					</methods>
					<lines>
						<line number="10" hits="1" branch="false"/>
						<line number="12" hits="1" branch="true" condition-coverage="33% (1/3)"/>
						<line number="13" hits="1" branch="false"/>
						<line number="15" hits="1" branch="true" condition-coverage="50% (1/2)"/>
						<line number="17" hits="0" branch="false"/>
					</lines>
				</class>
			</classes>
		</package>
	</packages>
</coverage>
